[2017-04-18 03:33:43,307] [INFO] - Pier ¹1 preserved!
[2017-04-18 03:33:43,332] [INFO] - Ship Golandec moored to the pier ¹1
[2017-04-18 03:33:43,332] [INFO] - Ship Golandec unloading on pier ¹1
[2017-04-18 03:34:03,356] [INFO] - Ship Golandec unloaded!
[2017-04-18 03:34:03,356] [INFO] - Ship Golandec went from port Syniavka
[2017-04-18 03:34:03,471] [INFO] - Pier ¹1 is free!
[2017-04-18 03:36:34,921] [INFO] - Pier ¹1 preserved!
[2017-04-18 03:36:34,922] [INFO] - Ship UnknownEnot2 moored to the pier ¹1
[2017-04-18 03:36:34,922] [INFO] - Ship UnknownEnot2 unloading on pier ¹1
[2017-04-18 03:36:54,925] [INFO] - Ship UnknownEnot2 unloaded!
[2017-04-18 03:36:54,925] [INFO] - Ship UnknownEnot2 went from port Syniavka
[2017-04-18 03:36:55,029] [INFO] - Pier ¹1 is free!
[2017-04-18 03:37:11,211] [INFO] - Pier ¹1 preserved!
[2017-04-18 03:37:11,212] [INFO] - Ship UnknownEnot1 moored to the pier ¹1
[2017-04-18 03:37:11,212] [INFO] - Ship UnknownEnot1 unloading on pier ¹1
[2017-04-18 03:37:20,437] [INFO] - Pier ¹2 preserved!
[2017-04-18 03:37:20,438] [INFO] - Ship BlackPearl moored to the pier ¹2
[2017-04-18 03:37:20,438] [INFO] - Ship BlackPearl unloading on pier ¹2
[2017-04-18 03:37:27,214] [INFO] - Hold of ship UnknownEnot1 is empty!
[2017-04-18 03:37:27,214] [INFO] - Ship UnknownEnot1 went from port Syniavka
[2017-04-18 03:37:27,341] [INFO] - Pier ¹1 is free!
[2017-04-18 03:37:40,440] [INFO] - Ship BlackPearl unloaded!
[2017-04-18 03:37:40,440] [INFO] - Ship BlackPearl went from port Syniavka
[2017-04-18 03:37:40,596] [INFO] - Pier ¹2 is free!
[2017-04-18 03:39:09,581] [INFO] - Pier ¹1 preserved!
[2017-04-18 03:39:09,582] [INFO] - Ship UnknownEnot2 moored to the pier ¹1
[2017-04-18 03:39:09,582] [INFO] - Ship UnknownEnot2 unloading on pier ¹1
[2017-04-18 03:39:19,468] [INFO] - Pier ¹2 preserved!
[2017-04-18 03:39:19,469] [INFO] - Ship BlackPearl moored to the pier ¹2
[2017-04-18 03:39:19,469] [INFO] - Ship BlackPearl unloading on pier ¹2
[2017-04-18 03:39:27,833] [INFO] - Pier ¹3 preserved!
[2017-04-18 03:39:27,833] [INFO] - Ship Titanic moored to the pier ¹3
[2017-04-18 03:39:27,833] [INFO] - Ship Titanic unloading on pier ¹3
[2017-04-18 03:39:29,586] [INFO] - Ship UnknownEnot2 unloaded!
[2017-04-18 03:39:29,586] [INFO] - Ship UnknownEnot2 went from port Syniavka
[2017-04-18 03:39:29,690] [INFO] - Pier ¹1 is free!
[2017-04-18 03:39:39,472] [INFO] - Ship BlackPearl unloaded!
[2017-04-18 03:39:39,472] [INFO] - Ship BlackPearl went from port Syniavka
[2017-04-18 03:39:39,665] [INFO] - Pier ¹2 is free!
[2017-04-18 03:39:47,835] [INFO] - Ship Titanic unloaded!
[2017-04-18 03:39:47,835] [INFO] - Ship Titanic went from port Syniavka
[2017-04-18 03:39:47,976] [INFO] - Pier ¹3 is free!
[2017-04-18 04:32:44,590] [INFO] - Pier ¹1 preserved!
[2017-04-18 04:32:44,591] [INFO] - Ship UnknownEnot1 moored to the pier ¹1
[2017-04-18 04:32:44,591] [INFO] - Ship UnknownEnot1 unloading on pier ¹1
[2017-04-18 04:32:50,593] [INFO] - Hold of ship UnknownEnot1 is empty!
[2017-04-18 04:32:50,593] [INFO] - Ship UnknownEnot1 went from port Syniavka
[2017-04-18 04:32:50,682] [INFO] - Pier ¹1 is free!
[2017-04-18 04:33:32,262] [INFO] - Pier ¹1 preserved!
[2017-04-18 04:33:32,267] [INFO] - Ship UnknownEnot1 moored to the pier ¹1
[2017-04-18 04:33:32,267] [INFO] - Ship UnknownEnot1 unloading on pier ¹1
[2017-04-18 04:33:52,415] [INFO] - Ship UnknownEnot1 unloaded!
[2017-04-18 04:33:52,415] [INFO] - Ship UnknownEnot1 went from port Syniavka
[2017-04-18 04:33:52,526] [INFO] - Pier ¹1 is free!
