[2017-04-18 04:40:27,874] [INFO] - Guest perform enterance into the system!
[2017-04-18 04:40:58,815] [INFO] - Admin perform enterance into the system!
[2017-04-18 04:44:20,186] [INFO] - Guest perform enterance into the system!
[2017-04-18 04:44:41,758] [INFO] - Guest perform enterance into the system!
[2017-04-18 04:46:01,474] [INFO] - Guest perform enterance into the system!
[2017-04-18 04:46:20,670] [INFO] - Guest perform enterance into the system!
[2017-04-18 04:47:00,758] [INFO] - Guest perform enterance into the system!
[2017-04-18 04:49:31,005] [INFO] - Admin perform enterance into the system!
[2017-04-18 04:54:08,193] [INFO] - Admin perform enterance into the system!
[2017-04-18 04:59:18,444] [INFO] - Guest perform enterance into the system!
[2017-04-18 04:59:50,372] [INFO] - Guest perform enterance into the system!
[2017-04-18 05:05:56,426] [INFO] - Admin perform enterance into the system!
[2017-04-18 05:28:33,495] [INFO] - Guest perform enterance into the system!
[2017-04-18 05:31:30,698] [INFO] - Guest perform enterance into the system!
[2017-04-18 05:31:38,701] [INFO] - User:antoha was added!
[2017-04-18 05:32:13,156] [INFO] - File:5nizza_-_ja_ne_toj_(zvukoff was added!
[2017-04-18 05:35:37,318] [INFO] - User - antoha perform enterance into the system!
[2017-04-18 05:35:50,215] [INFO] - File:5nizza_-_ja_ne_toj_(zvukoff was added!
[2017-04-18 05:36:26,162] [INFO] - User:LOL was added!
[2017-04-18 05:36:37,015] [INFO] - User - LOL perform enterance into the system!
[2017-04-18 05:37:00,968] [INFO] - User - LOL perform enterance into the system!
[2017-04-18 05:37:33,559] [INFO] - User - LOL perform enterance into the system!
[2017-04-18 05:53:50,588] [INFO] - Admin perform enterance into the system!
[2017-04-18 05:54:32,311] [INFO] - Admin perform enterance into the system!
[2017-04-18 05:54:48,989] [INFO] - Admin perform enterance into the system!
[2017-04-18 05:56:23,514] [INFO] - Admin perform enterance into the system!
[2017-04-18 05:57:00,999] [INFO] - Admin perform enterance into the system!
[2017-04-18 05:58:16,221] [INFO] - Guest perform enterance into the system!
[2017-04-18 05:58:45,527] [INFO] - User:123 was added!
[2017-04-18 05:59:00,852] [INFO] - User - 123 perform enterance into the system!
